<?xml version="1.0" encoding="UTF-8"?>
<coverage generated="1778170254845" clover="3.2.0">
  <project timestamp="1778170254846" name="All files">
    <metrics statements="25" coveredstatements="23" conditionals="16" coveredconditionals="15" methods="8" coveredmethods="7" elements="49" coveredelements="45" complexity="0" loc="25" ncloc="25" packages="1" files="1" classes="1"/>
    <file name="index.js" path="D:\POJET\smarthotel\index.js">
      <metrics statements="25" coveredstatements="23" conditionals="16" coveredconditionals="15" methods="8" coveredmethods="7"/>
      <line num="1" count="1" type="stmt"/>
      <line num="2" count="1" type="stmt"/>
      <line num="4" count="1" type="stmt"/>
      <line num="9" count="9" type="cond" truecount="2" falsecount="0"/>
      <line num="13" count="9" type="cond" truecount="2" falsecount="0"/>
      <line num="17" count="9" type="cond" truecount="2" falsecount="0"/>
      <line num="21" count="9" type="cond" truecount="2" falsecount="0"/>
      <line num="25" count="9" type="cond" truecount="2" falsecount="0"/>
      <line num="31" count="9" type="stmt"/>
      <line num="33" count="9" type="stmt"/>
      <line num="34" count="9" type="stmt"/>
      <line num="35" count="9" type="stmt"/>
      <line num="36" count="9" type="stmt"/>
      <line num="37" count="9" type="stmt"/>
      <line num="39" count="9" type="stmt"/>
      <line num="44" count="1" type="stmt"/>
      <line num="45" count="10" type="stmt"/>
      <line num="47" count="10" type="cond" truecount="4" falsecount="0"/>
      <line num="48" count="1" type="stmt"/>
      <line num="51" count="9" type="stmt"/>
      <line num="52" count="9" type="stmt"/>
      <line num="57" count="1" type="cond" truecount="1" falsecount="1"/>
      <line num="58" count="0" type="stmt"/>
      <line num="59" count="0" type="stmt"/>
      <line num="63" count="1" type="stmt"/>
    </file>
  </project>
</coverage>
