<?xml version="1.0" encoding="UTF-8"?>
<coverage generated="1778052432737" clover="3.2.0">
  <project timestamp="1778052432737" name="All files">
    <metrics statements="26" coveredstatements="24" conditionals="12" coveredconditionals="11" methods="7" coveredmethods="6" elements="45" coveredelements="41" complexity="0" loc="26" ncloc="26" packages="1" files="1" classes="1"/>
    <file name="index.js" path="D:\POJET\smarthotel\index.js">
      <metrics statements="26" coveredstatements="24" conditionals="12" coveredconditionals="11" methods="7" coveredmethods="6"/>
      <line num="137" count="1" type="stmt"/>
      <line num="138" count="1" type="stmt"/>
      <line num="140" count="1" type="stmt"/>
      <line num="144" count="3" type="cond" truecount="2" falsecount="0"/>
      <line num="145" count="2" type="stmt"/>
      <line num="149" count="3" type="cond" truecount="2" falsecount="0"/>
      <line num="150" count="2" type="stmt"/>
      <line num="154" count="3" type="cond" truecount="2" falsecount="0"/>
      <line num="155" count="2" type="stmt"/>
      <line num="159" count="3" type="cond" truecount="2" falsecount="0"/>
      <line num="160" count="2" type="stmt"/>
      <line num="164" count="3" type="cond" truecount="2" falsecount="0"/>
      <line num="165" count="1" type="stmt"/>
      <line num="168" count="1" type="stmt"/>
      <line num="177" count="3" type="stmt"/>
      <line num="179" count="3" type="stmt"/>
      <line num="181" count="3" type="stmt"/>
      <line num="182" count="3" type="stmt"/>
      <line num="183" count="3" type="stmt"/>
      <line num="184" count="3" type="stmt"/>
      <line num="185" count="3" type="stmt"/>
      <line num="187" count="3" type="stmt"/>
      <line num="191" count="1" type="cond" truecount="1" falsecount="1"/>
      <line num="192" count="0" type="stmt"/>
      <line num="193" count="0" type="stmt"/>
      <line num="198" count="1" type="stmt"/>
    </file>
  </project>
</coverage>
