{"D:\\POJET\\smarthotel\\index.js": {"path":"D:\\POJET\\smarthotel\\index.js","statementMap":{"0":{"start":{"line":135,"column":16},"end":{"line":135,"column":34}},"1":{"start":{"line":136,"column":12},"end":{"line":136,"column":21}},"2":{"start":{"line":138,"column":0},"end":{"line":138,"column":24}},"3":{"start":{"line":142,"column":14},"end":{"line":142,"column":46}},"4":{"start":{"line":144,"column":2},"end":{"line":146,"column":3}},"5":{"start":{"line":145,"column":4},"end":{"line":145,"column":17}},"6":{"start":{"line":148,"column":2},"end":{"line":150,"column":3}},"7":{"start":{"line":149,"column":4},"end":{"line":149,"column":17}},"8":{"start":{"line":152,"column":2},"end":{"line":154,"column":3}},"9":{"start":{"line":153,"column":4},"end":{"line":153,"column":18}},"10":{"start":{"line":156,"column":2},"end":{"line":158,"column":3}},"11":{"start":{"line":157,"column":4},"end":{"line":157,"column":30}},"12":{"start":{"line":160,"column":2},"end":{"line":162,"column":3}},"13":{"start":{"line":161,"column":4},"end":{"line":161,"column":45}},"14":{"start":{"line":164,"column":2},"end":{"line":164,"column":15}},"15":{"start":{"line":167,"column":0},"end":{"line":178,"column":3}},"16":{"start":{"line":168,"column":15},"end":{"line":168,"column":23}},"17":{"start":{"line":171,"column":2},"end":{"line":173,"column":3}},"18":{"start":{"line":172,"column":4},"end":{"line":172,"column":60}},"19":{"start":{"line":175,"column":16},"end":{"line":175,"column":36}},"20":{"start":{"line":177,"column":2},"end":{"line":177,"column":22}},"21":{"start":{"line":181,"column":0},"end":{"line":185,"column":1}},"22":{"start":{"line":182,"column":2},"end":{"line":184,"column":5}},"23":{"start":{"line":183,"column":4},"end":{"line":183,"column":47}},"24":{"start":{"line":187,"column":0},"end":{"line":187,"column":21}}},"fnMap":{"0":{"name":"calculateTotal","decl":{"start":{"line":141,"column":9},"end":{"line":141,"column":23}},"loc":{"start":{"line":141,"column":30},"end":{"line":165,"column":1}},"line":141},"1":{"name":"(anonymous_1)","decl":{"start":{"line":167,"column":27},"end":{"line":167,"column":28}},"loc":{"start":{"line":167,"column":41},"end":{"line":178,"column":1}},"line":167},"2":{"name":"(anonymous_2)","decl":{"start":{"line":182,"column":19},"end":{"line":182,"column":20}},"loc":{"start":{"line":182,"column":25},"end":{"line":184,"column":3}},"line":182}},"branchMap":{"0":{"loc":{"start":{"line":144,"column":2},"end":{"line":146,"column":3}},"type":"if","locations":[{"start":{"line":144,"column":2},"end":{"line":146,"column":3}},{"start":{},"end":{}}],"line":144},"1":{"loc":{"start":{"line":148,"column":2},"end":{"line":150,"column":3}},"type":"if","locations":[{"start":{"line":148,"column":2},"end":{"line":150,"column":3}},{"start":{},"end":{}}],"line":148},"2":{"loc":{"start":{"line":152,"column":2},"end":{"line":154,"column":3}},"type":"if","locations":[{"start":{"line":152,"column":2},"end":{"line":154,"column":3}},{"start":{},"end":{}}],"line":152},"3":{"loc":{"start":{"line":156,"column":2},"end":{"line":158,"column":3}},"type":"if","locations":[{"start":{"line":156,"column":2},"end":{"line":158,"column":3}},{"start":{},"end":{}}],"line":156},"4":{"loc":{"start":{"line":160,"column":2},"end":{"line":162,"column":3}},"type":"if","locations":[{"start":{"line":160,"column":2},"end":{"line":162,"column":3}},{"start":{},"end":{}}],"line":160},"5":{"loc":{"start":{"line":171,"column":2},"end":{"line":173,"column":3}},"type":"if","locations":[{"start":{"line":171,"column":2},"end":{"line":173,"column":3}},{"start":{},"end":{}}],"line":171},"6":{"loc":{"start":{"line":171,"column":6},"end":{"line":171,"column":41}},"type":"binary-expr","locations":[{"start":{"line":171,"column":6},"end":{"line":171,"column":25}},{"start":{"line":171,"column":29},"end":{"line":171,"column":41}}],"line":171},"7":{"loc":{"start":{"line":181,"column":0},"end":{"line":185,"column":1}},"type":"if","locations":[{"start":{"line":181,"column":0},"end":{"line":185,"column":1}},{"start":{},"end":{}}],"line":181}},"s":{"0":1,"1":1,"2":1,"3":6,"4":6,"5":1,"6":6,"7":2,"8":6,"9":1,"10":6,"11":2,"12":6,"13":2,"14":6,"15":1,"16":6,"17":6,"18":0,"19":6,"20":6,"21":1,"22":0,"23":0,"24":1},"f":{"0":6,"1":6,"2":0},"b":{"0":[1,5],"1":[2,4],"2":[1,5],"3":[2,4],"4":[2,4],"5":[0,6],"6":[6,6],"7":[0,1]},"_coverageSchema":"1a1c01bbd47fc00a2c39e90264f33305004495a9","hash":"e2d3b43a6e006dccdebc17a2d68c5d05b218c8c9"}
}
