{"D:\\POJET\\smarthotel\\index.js": {"path":"D:\\POJET\\smarthotel\\index.js","statementMap":{"0":{"start":{"line":137,"column":16},"end":{"line":137,"column":34}},"1":{"start":{"line":138,"column":12},"end":{"line":138,"column":21}},"2":{"start":{"line":140,"column":0},"end":{"line":140,"column":24}},"3":{"start":{"line":144,"column":2},"end":{"line":144,"column":45}},"4":{"start":{"line":144,"column":26},"end":{"line":144,"column":45}},"5":{"start":{"line":145,"column":2},"end":{"line":145,"column":15}},"6":{"start":{"line":149,"column":2},"end":{"line":149,"column":37}},"7":{"start":{"line":149,"column":18},"end":{"line":149,"column":37}},"8":{"start":{"line":150,"column":2},"end":{"line":150,"column":15}},"9":{"start":{"line":154,"column":2},"end":{"line":154,"column":38}},"10":{"start":{"line":154,"column":18},"end":{"line":154,"column":38}},"11":{"start":{"line":155,"column":2},"end":{"line":155,"column":15}},"12":{"start":{"line":159,"column":2},"end":{"line":159,"column":42}},"13":{"start":{"line":159,"column":15},"end":{"line":159,"column":42}},"14":{"start":{"line":160,"column":2},"end":{"line":160,"column":15}},"15":{"start":{"line":164,"column":2},"end":{"line":164,"column":65}},"16":{"start":{"line":164,"column":28},"end":{"line":164,"column":65}},"17":{"start":{"line":165,"column":2},"end":{"line":165,"column":15}},"18":{"start":{"line":168,"column":0},"end":{"line":188,"column":3}},"19":{"start":{"line":177,"column":6},"end":{"line":177,"column":14}},"20":{"start":{"line":179,"column":14},"end":{"line":179,"column":36}},"21":{"start":{"line":181,"column":2},"end":{"line":181,"column":37}},"22":{"start":{"line":182,"column":2},"end":{"line":182,"column":42}},"23":{"start":{"line":183,"column":2},"end":{"line":183,"column":39}},"24":{"start":{"line":184,"column":2},"end":{"line":184,"column":47}},"25":{"start":{"line":185,"column":2},"end":{"line":185,"column":61}},"26":{"start":{"line":187,"column":2},"end":{"line":187,"column":22}},"27":{"start":{"line":191,"column":0},"end":{"line":195,"column":1}},"28":{"start":{"line":192,"column":2},"end":{"line":194,"column":5}},"29":{"start":{"line":193,"column":4},"end":{"line":193,"column":47}},"30":{"start":{"line":198,"column":0},"end":{"line":198,"column":21}}},"fnMap":{"0":{"name":"applySeason","decl":{"start":{"line":143,"column":9},"end":{"line":143,"column":20}},"loc":{"start":{"line":143,"column":36},"end":{"line":146,"column":1}},"line":143},"1":{"name":"applyWeekend","decl":{"start":{"line":148,"column":9},"end":{"line":148,"column":21}},"loc":{"start":{"line":148,"column":41},"end":{"line":151,"column":1}},"line":148},"2":{"name":"applyLongStay","decl":{"start":{"line":153,"column":9},"end":{"line":153,"column":22}},"loc":{"start":{"line":153,"column":38},"end":{"line":156,"column":1}},"line":153},"3":{"name":"applySeaView","decl":{"start":{"line":158,"column":9},"end":{"line":158,"column":21}},"loc":{"start":{"line":158,"column":46},"end":{"line":161,"column":1}},"line":158},"4":{"name":"applyBreakfast","decl":{"start":{"line":163,"column":9},"end":{"line":163,"column":23}},"loc":{"start":{"line":163,"column":60},"end":{"line":166,"column":1}},"line":163},"5":{"name":"(anonymous_5)","decl":{"start":{"line":168,"column":27},"end":{"line":168,"column":28}},"loc":{"start":{"line":168,"column":41},"end":{"line":188,"column":1}},"line":168},"6":{"name":"(anonymous_6)","decl":{"start":{"line":192,"column":19},"end":{"line":192,"column":20}},"loc":{"start":{"line":192,"column":25},"end":{"line":194,"column":3}},"line":192}},"branchMap":{"0":{"loc":{"start":{"line":144,"column":2},"end":{"line":144,"column":45}},"type":"if","locations":[{"start":{"line":144,"column":2},"end":{"line":144,"column":45}},{"start":{},"end":{}}],"line":144},"1":{"loc":{"start":{"line":149,"column":2},"end":{"line":149,"column":37}},"type":"if","locations":[{"start":{"line":149,"column":2},"end":{"line":149,"column":37}},{"start":{},"end":{}}],"line":149},"2":{"loc":{"start":{"line":154,"column":2},"end":{"line":154,"column":38}},"type":"if","locations":[{"start":{"line":154,"column":2},"end":{"line":154,"column":38}},{"start":{},"end":{}}],"line":154},"3":{"loc":{"start":{"line":159,"column":2},"end":{"line":159,"column":42}},"type":"if","locations":[{"start":{"line":159,"column":2},"end":{"line":159,"column":42}},{"start":{},"end":{}}],"line":159},"4":{"loc":{"start":{"line":164,"column":2},"end":{"line":164,"column":65}},"type":"if","locations":[{"start":{"line":164,"column":2},"end":{"line":164,"column":65}},{"start":{},"end":{}}],"line":164},"5":{"loc":{"start":{"line":191,"column":0},"end":{"line":195,"column":1}},"type":"if","locations":[{"start":{"line":191,"column":0},"end":{"line":195,"column":1}},{"start":{},"end":{}}],"line":191}},"s":{"0":1,"1":1,"2":1,"3":3,"4":1,"5":2,"6":3,"7":1,"8":2,"9":3,"10":1,"11":2,"12":3,"13":1,"14":2,"15":3,"16":2,"17":1,"18":1,"19":3,"20":3,"21":3,"22":3,"23":3,"24":3,"25":3,"26":3,"27":1,"28":0,"29":0,"30":1},"f":{"0":3,"1":3,"2":3,"3":3,"4":3,"5":3,"6":0},"b":{"0":[1,2],"1":[1,2],"2":[1,2],"3":[1,2],"4":[2,1],"5":[0,1]},"_coverageSchema":"1a1c01bbd47fc00a2c39e90264f33305004495a9","hash":"1151a38ff7fc529bdf2d9cf7cbe02138a965bd1a"}
}
