TN:
SF:index.js
FN:141,calculateTotal
FN:167,(anonymous_1)
FN:182,(anonymous_2)
FNF:3
FNH:2
FNDA:6,calculateTotal
FNDA:6,(anonymous_1)
FNDA:0,(anonymous_2)
DA:135,1
DA:136,1
DA:138,1
DA:142,6
DA:144,6
DA:145,1
DA:148,6
DA:149,2
DA:152,6
DA:153,1
DA:156,6
DA:157,2
DA:160,6
DA:161,2
DA:164,6
DA:167,1
DA:168,6
DA:171,6
DA:172,0
DA:175,6
DA:177,6
DA:181,1
DA:182,0
DA:183,0
DA:187,1
LF:25
LH:22
BRDA:144,0,0,1
BRDA:144,0,1,5
BRDA:148,1,0,2
BRDA:148,1,1,4
BRDA:152,2,0,1
BRDA:152,2,1,5
BRDA:156,3,0,2
BRDA:156,3,1,4
BRDA:160,4,0,2
BRDA:160,4,1,4
BRDA:171,5,0,0
BRDA:171,5,1,6
BRDA:171,6,0,6
BRDA:171,6,1,6
BRDA:181,7,0,0
BRDA:181,7,1,1
BRF:16
BRH:14
end_of_record
