TN:
SF:index.js
FN:143,applySeason
FN:148,applyWeekend
FN:153,applyLongStay
FN:158,applySeaView
FN:163,applyBreakfast
FN:168,(anonymous_5)
FN:192,(anonymous_6)
FNF:7
FNH:6
FNDA:3,applySeason
FNDA:3,applyWeekend
FNDA:3,applyLongStay
FNDA:3,applySeaView
FNDA:3,applyBreakfast
FNDA:3,(anonymous_5)
FNDA:0,(anonymous_6)
DA:137,1
DA:138,1
DA:140,1
DA:144,3
DA:145,2
DA:149,3
DA:150,2
DA:154,3
DA:155,2
DA:159,3
DA:160,2
DA:164,3
DA:165,1
DA:168,1
DA:177,3
DA:179,3
DA:181,3
DA:182,3
DA:183,3
DA:184,3
DA:185,3
DA:187,3
DA:191,1
DA:192,0
DA:193,0
DA:198,1
LF:26
LH:24
BRDA:144,0,0,1
BRDA:144,0,1,2
BRDA:149,1,0,1
BRDA:149,1,1,2
BRDA:154,2,0,1
BRDA:154,2,1,2
BRDA:159,3,0,1
BRDA:159,3,1,2
BRDA:164,4,0,2
BRDA:164,4,1,1
BRDA:191,5,0,0
BRDA:191,5,1,1
BRF:12
BRH:11
end_of_record
